# JRE version: OpenJDK Runtime Environment Microsoft-8035246 (17.0.8+7) (build 17.0.8+7-LTS)
# Java VM: OpenJDK 64-Bit Server VM Microsoft-8035246 (17.0.8+7-LTS, mixed mode, sharing, tiered, compressed oops, compressed class ptrs, g1 gc, windows-amd64)
GC Precious Log:
 CPUs: 8 total, 8 available
 Memory: 7969M
 Large Page Support: Disabled
 NUMA Support: Disabled
 Compressed Oops: Enabled (32-bit)
 Heap Region Size: 1M
 Heap Min Capacity: 8M
 Heap Initial Capacity: 126M
 Heap Max Capacity: 2G
 Pre-touch: Disabled
 Parallel Workers: 8
 Concurrent Workers: 2
 Concurrent Refinement Workers: 8
 Periodic GC: Disabled
Heap:
 garbage-first heap   total 237568K, used 188394K [0x0000000080000000, 0x0000000100000000)
  region size 1024K, 16 young (16384K), 5 survivors (5120K)
 Metaspace       used 102463K, committed 103488K, reserved 557056K
  class space    used 14278K, committed 14784K, reserved 425984K
GC Heap History (20 events):
Event: 83.839 GC heap before
{Heap before GC invocations=61 (full 0):
 garbage-first heap   total 237568K, used 189889K [0x0000000080000000, 0x0000000100000000)
  region size 1024K, 52 young (53248K), 5 survivors (5120K)
 Metaspace       used 96835K, committed 97792K, reserved 557056K
  class space    used 13555K, committed 14016K, reserved 425984K
}
Event: 83.860 GC heap after
{Heap after GC invocations=62 (full 0):
 garbage-first heap   total 237568K, used 146498K [0x0000000080000000, 0x0000000100000000)
  region size 1024K, 5 young (5120K), 5 survivors (5120K)
 Metaspace       used 96835K, committed 97792K, reserved 557056K
  class space    used 13555K, committed 14016K, reserved 425984K
}
Event: 84.971 GC heap before
{Heap before GC invocations=62 (full 0):
 garbage-first heap   total 237568K, used 192578K [0x0000000080000000, 0x0000000100000000)
  region size 1024K, 50 young (51200K), 5 survivors (5120K)
 Metaspace       used 97920K, committed 98944K, reserved 557056K
  class space    used 13765K, committed 14272K, reserved 425984K
}
Event: 84.988 GC heap after
{Heap after GC invocations=63 (full 0):
 garbage-first heap   total 237568K, used 151136K [0x0000000080000000, 0x0000000100000000)
  region size 1024K, 5 young (5120K), 5 survivors (5120K)
 Metaspace       used 97920K, committed 98944K, reserved 557056K
  class space    used 13765K, committed 14272K, reserved 425984K
}
Event: 87.196 GC heap before
{Heap before GC invocations=63 (full 0):
 garbage-first heap   total 237568K, used 194144K [0x0000000080000000, 0x0000000100000000)
  region size 1024K, 48 young (49152K), 5 survivors (5120K)
 Metaspace       used 98454K, committed 99456K, reserved 557056K
  class space    used 13821K, committed 14336K, reserved 425984K
}
Event: 87.213 GC heap after
{Heap after GC invocations=64 (full 0):
 garbage-first heap   total 237568K, used 155675K [0x0000000080000000, 0x0000000100000000)
  region size 1024K, 5 young (5120K), 5 survivors (5120K)
 Metaspace       used 98454K, committed 99456K, reserved 557056K
  class space    used 13821K, committed 14336K, reserved 425984K
}
Event: 87.766 GC heap before
{Heap before GC invocations=64 (full 0):
 garbage-first heap   total 237568K, used 195611K [0x0000000080000000, 0x0000000100000000)
  region size 1024K, 45 young (46080K), 5 survivors (5120K)
 Metaspace       used 98569K, committed 99584K, reserved 557056K
  class space    used 13822K, committed 14336K, reserved 425984K
}
Event: 87.776 GC heap after
{Heap after GC invocations=65 (full 0):
 garbage-first heap   total 237568K, used 158952K [0x0000000080000000, 0x0000000100000000)
  region size 1024K, 4 young (4096K), 4 survivors (4096K)
 Metaspace       used 98569K, committed 99584K, reserved 557056K
  class space    used 13822K, committed 14336K, reserved 425984K
}
Event: 89.183 GC heap before
{Heap before GC invocations=65 (full 0):
 garbage-first heap   total 237568K, used 197864K [0x0000000080000000, 0x0000000100000000)
  region size 1024K, 43 young (44032K), 4 survivors (4096K)
 Metaspace       used 98575K, committed 99584K, reserved 557056K
  class space    used 13822K, committed 14336K, reserved 425984K
}
Event: 89.191 GC heap after
{Heap after GC invocations=66 (full 0):
 garbage-first heap   total 237568K, used 160768K [0x0000000080000000, 0x0000000100000000)
  region size 1024K, 2 young (2048K), 2 survivors (2048K)
 Metaspace       used 98575K, committed 99584K, reserved 557056K
  class space    used 13822K, committed 14336K, reserved 425984K
}
Event: 91.635 GC heap before
{Heap before GC invocations=66 (full 0):
 garbage-first heap   total 237568K, used 207872K [0x0000000080000000, 0x0000000100000000)
  region size 1024K, 41 young (41984K), 2 survivors (2048K)
 Metaspace       used 98768K, committed 99776K, reserved 557056K
  class space    used 13835K, committed 14336K, reserved 425984K
}
Event: 91.644 GC heap after
{Heap after GC invocations=67 (full 0):
 garbage-first heap   total 237568K, used 163083K [0x0000000080000000, 0x0000000100000000)
  region size 1024K, 5 young (5120K), 5 survivors (5120K)
 Metaspace       used 98768K, committed 99776K, reserved 557056K
  class space    used 13835K, committed 14336K, reserved 425984K
}
Event: 92.937 GC heap before
{Heap before GC invocations=67 (full 0):
 garbage-first heap   total 237568K, used 212235K [0x0000000080000000, 0x0000000100000000)
  region size 1024K, 42 young (43008K), 5 survivors (5120K)
 Metaspace       used 98939K, committed 99968K, reserved 557056K
  class space    used 13846K, committed 14336K, reserved 425984K
}
Event: 92.951 GC heap after
{Heap after GC invocations=68 (full 0):
 garbage-first heap   total 237568K, used 167126K [0x0000000080000000, 0x0000000100000000)
  region size 1024K, 5 young (5120K), 5 survivors (5120K)
 Metaspace       used 98939K, committed 99968K, reserved 557056K
  class space    used 13846K, committed 14336K, reserved 425984K
}
Event: 93.714 GC heap before
{Heap before GC invocations=68 (full 0):
 garbage-first heap   total 237568K, used 205014K [0x0000000080000000, 0x0000000100000000)
  region size 1024K, 39 young (39936K), 5 survivors (5120K)
 Metaspace       used 98954K, committed 99968K, reserved 557056K
  class space    used 13847K, committed 14336K, reserved 425984K
}
Event: 93.724 GC heap after
{Heap after GC invocations=69 (full 0):
 garbage-first heap   total 237568K, used 169696K [0x0000000080000000, 0x0000000100000000)
  region size 1024K, 3 young (3072K), 3 survivors (3072K)
 Metaspace       used 98954K, committed 99968K, reserved 557056K
  class space    used 13847K, committed 14336K, reserved 425984K
}
Event: 95.514 GC heap before
{Heap before GC invocations=69 (full 0):
 garbage-first heap   total 237568K, used 201440K [0x0000000080000000, 0x0000000100000000)
  region size 1024K, 35 young (35840K), 3 survivors (3072K)
 Metaspace       used 99214K, committed 100224K, reserved 557056K
  class space    used 13880K, committed 14400K, reserved 425984K
}
Event: 95.524 GC heap after
{Heap after GC invocations=70 (full 0):
 garbage-first heap   total 237568K, used 172020K [0x0000000080000000, 0x0000000100000000)
  region size 1024K, 5 young (5120K), 5 survivors (5120K)
 Metaspace       used 99214K, committed 100224K, reserved 557056K
  class space    used 13880K, committed 14400K, reserved 425984K
}
Event: 97.523 GC heap before
{Heap before GC invocations=70 (full 0):
 garbage-first heap   total 237568K, used 202740K [0x0000000080000000, 0x0000000100000000)
  region size 1024K, 36 young (36864K), 5 survivors (5120K)
 Metaspace       used 101977K, committed 102976K, reserved 557056K
  class space    used 14213K, committed 14720K, reserved 425984K
}
Event: 97.543 GC heap after
{Heap after GC invocations=71 (full 0):
 garbage-first heap   total 237568K, used 175082K [0x0000000080000000, 0x0000000100000000)
  region size 1024K, 5 young (5120K), 5 survivors (5120K)
 Metaspace       used 101977K, committed 102976K, reserved 557056K
  class space    used 14213K, committed 14720K, reserved 425984K
}

