# JRE version: OpenJDK Runtime Environment Microsoft-8035246 (17.0.8+7) (build 17.0.8+7-LTS)
# Java VM: OpenJDK 64-Bit Server VM Microsoft-8035246 (17.0.8+7-LTS, mixed mode, sharing, tiered, compressed oops, compressed class ptrs, g1 gc, windows-amd64)
GC Precious Log:
 CPUs: 8 total, 8 available
 Memory: 7969M
 Large Page Support: Disabled
 NUMA Support: Disabled
 Compressed Oops: Enabled (32-bit)
 Heap Region Size: 1M
 Heap Min Capacity: 8M
 Heap Initial Capacity: 126M
 Heap Max Capacity: 2G
 Pre-touch: Disabled
 Parallel Workers: 8
 Concurrent Workers: 2
 Concurrent Refinement Workers: 8
 Periodic GC: Disabled
Heap:
 garbage-first heap   total 310272K, used 218644K [0x0000000080000000, 0x0000000100000000)
  region size 1024K, 66 young (67584K), 12 survivors (12288K)
 Metaspace       used 101927K, committed 102912K, reserved 557056K
  class space    used 14245K, committed 14720K, reserved 425984K
GC Heap History (20 events):
Event: 26.578 GC heap before
{Heap before GC invocations=48 (full 0):
 garbage-first heap   total 243712K, used 174470K [0x0000000080000000, 0x0000000100000000)
  region size 1024K, 86 young (88064K), 9 survivors (9216K)
 Metaspace       used 87986K, committed 88704K, reserved 557056K
  class space    used 12380K, committed 12736K, reserved 425984K
}
Event: 26.597 GC heap after
{Heap after GC invocations=49 (full 0):
 garbage-first heap   total 243712K, used 97729K [0x0000000080000000, 0x0000000100000000)
  region size 1024K, 8 young (8192K), 8 survivors (8192K)
 Metaspace       used 87986K, committed 88704K, reserved 557056K
  class space    used 12380K, committed 12736K, reserved 425984K
}
Event: 29.944 GC heap before
{Heap before GC invocations=49 (full 0):
 garbage-first heap   total 243712K, used 185793K [0x0000000080000000, 0x0000000100000000)
  region size 1024K, 91 young (93184K), 8 survivors (8192K)
 Metaspace       used 91733K, committed 92608K, reserved 557056K
  class space    used 12872K, committed 13312K, reserved 425984K
}
Event: 29.974 GC heap after
{Heap after GC invocations=50 (full 0):
 garbage-first heap   total 243712K, used 118184K [0x0000000080000000, 0x0000000100000000)
  region size 1024K, 12 young (12288K), 12 survivors (12288K)
 Metaspace       used 91733K, committed 92608K, reserved 557056K
  class space    used 12872K, committed 13312K, reserved 425984K
}
Event: 32.069 GC heap before
{Heap before GC invocations=50 (full 0):
 garbage-first heap   total 243712K, used 172456K [0x0000000080000000, 0x0000000100000000)
  region size 1024K, 64 young (65536K), 12 survivors (12288K)
 Metaspace       used 92411K, committed 93376K, reserved 557056K
  class space    used 12935K, committed 13376K, reserved 425984K
}
Event: 32.096 GC heap after
{Heap after GC invocations=51 (full 0):
 garbage-first heap   total 243712K, used 132370K [0x0000000080000000, 0x0000000100000000)
  region size 1024K, 10 young (10240K), 10 survivors (10240K)
 Metaspace       used 92411K, committed 93376K, reserved 557056K
  class space    used 12935K, committed 13376K, reserved 425984K
}
Event: 33.757 GC heap before
{Heap before GC invocations=52 (full 0):
 garbage-first heap   total 243712K, used 188690K [0x0000000080000000, 0x0000000100000000)
  region size 1024K, 64 young (65536K), 10 survivors (10240K)
 Metaspace       used 94873K, committed 95808K, reserved 557056K
  class space    used 13279K, committed 13696K, reserved 425984K
}
Event: 33.783 GC heap after
{Heap after GC invocations=53 (full 0):
 garbage-first heap   total 243712K, used 141260K [0x0000000080000000, 0x0000000100000000)
  region size 1024K, 8 young (8192K), 8 survivors (8192K)
 Metaspace       used 94873K, committed 95808K, reserved 557056K
  class space    used 13279K, committed 13696K, reserved 425984K
}
Event: 33.867 GC heap before
{Heap before GC invocations=53 (full 0):
 garbage-first heap   total 243712K, used 144332K [0x0000000080000000, 0x0000000100000000)
  region size 1024K, 11 young (11264K), 8 survivors (8192K)
 Metaspace       used 95160K, committed 96128K, reserved 557056K
  class space    used 13320K, committed 13760K, reserved 425984K
}
Event: 33.884 GC heap after
{Heap after GC invocations=54 (full 0):
 garbage-first heap   total 243712K, used 142048K [0x0000000080000000, 0x0000000100000000)
  region size 1024K, 2 young (2048K), 2 survivors (2048K)
 Metaspace       used 95160K, committed 96128K, reserved 557056K
  class space    used 13320K, committed 13760K, reserved 425984K
}
Event: 36.077 GC heap before
{Heap before GC invocations=54 (full 0):
 garbage-first heap   total 243712K, used 192224K [0x0000000080000000, 0x0000000100000000)
  region size 1024K, 51 young (52224K), 2 survivors (2048K)
 Metaspace       used 98282K, committed 99328K, reserved 557056K
  class space    used 13777K, committed 14272K, reserved 425984K
}
Event: 36.092 GC heap after
{Heap after GC invocations=55 (full 0):
 garbage-first heap   total 243712K, used 144913K [0x0000000080000000, 0x0000000100000000)
  region size 1024K, 4 young (4096K), 4 survivors (4096K)
 Metaspace       used 98282K, committed 99328K, reserved 557056K
  class space    used 13777K, committed 14272K, reserved 425984K
}
Event: 37.779 GC heap before
{Heap before GC invocations=56 (full 0):
 garbage-first heap   total 258048K, used 196113K [0x0000000080000000, 0x0000000100000000)
  region size 1024K, 54 young (55296K), 4 survivors (4096K)
 Metaspace       used 100001K, committed 101056K, reserved 557056K
  class space    used 13973K, committed 14464K, reserved 425984K
}
Event: 37.801 GC heap after
{Heap after GC invocations=57 (full 0):
 garbage-first heap   total 258048K, used 150333K [0x0000000080000000, 0x0000000100000000)
  region size 1024K, 6 young (6144K), 6 survivors (6144K)
 Metaspace       used 100001K, committed 101056K, reserved 557056K
  class space    used 13973K, committed 14464K, reserved 425984K
}
Event: 37.982 GC heap before
{Heap before GC invocations=57 (full 0):
 garbage-first heap   total 258048K, used 156477K [0x0000000080000000, 0x0000000100000000)
  region size 1024K, 12 young (12288K), 6 survivors (6144K)
 Metaspace       used 100026K, committed 101056K, reserved 557056K
  class space    used 13973K, committed 14464K, reserved 425984K
}
Event: 37.999 GC heap after
{Heap after GC invocations=58 (full 0):
 garbage-first heap   total 258048K, used 150184K [0x0000000080000000, 0x0000000100000000)
  region size 1024K, 2 young (2048K), 2 survivors (2048K)
 Metaspace       used 100026K, committed 101056K, reserved 557056K
  class space    used 13973K, committed 14464K, reserved 425984K
}
Event: 39.557 GC heap before
{Heap before GC invocations=58 (full 0):
 garbage-first heap   total 258048K, used 206504K [0x0000000080000000, 0x0000000100000000)
  region size 1024K, 57 young (58368K), 2 survivors (2048K)
 Metaspace       used 101209K, committed 102208K, reserved 557056K
  class space    used 14188K, committed 14656K, reserved 425984K
}
Event: 39.575 GC heap after
{Heap after GC invocations=59 (full 0):
 garbage-first heap   total 310272K, used 154965K [0x0000000080000000, 0x0000000100000000)
  region size 1024K, 7 young (7168K), 7 survivors (7168K)
 Metaspace       used 101209K, committed 102208K, reserved 557056K
  class space    used 14188K, committed 14656K, reserved 425984K
}
Event: 41.301 GC heap before
{Heap before GC invocations=59 (full 0):
 garbage-first heap   total 310272K, used 240981K [0x0000000080000000, 0x0000000100000000)
  region size 1024K, 92 young (94208K), 7 survivors (7168K)
 Metaspace       used 101909K, committed 102912K, reserved 557056K
  class space    used 14245K, committed 14720K, reserved 425984K
}
Event: 41.323 GC heap after
{Heap after GC invocations=60 (full 0):
 garbage-first heap   total 310272K, used 161300K [0x0000000080000000, 0x0000000100000000)
  region size 1024K, 12 young (12288K), 12 survivors (12288K)
 Metaspace       used 101909K, committed 102912K, reserved 557056K
  class space    used 14245K, committed 14720K, reserved 425984K
}

